[2024-01-11 01:31:40] laravel.EMERGENCY: Unable to create configured logger. Using emergency logger. {"exception":"[object] (InvalidArgumentException(code: 0): Log [] is not defined. at /var/www/getrector-com/vendor/laravel/framework/src/Illuminate/Log/LogManager.php:212)
[stacktrace]
#0 /var/www/getrector-com/vendor/laravel/framework/src/Illuminate/Log/LogManager.php(137): Illuminate\\Log\\LogManager->resolve()
#1 /var/www/getrector-com/vendor/laravel/framework/src/Illuminate/Log/LogManager.php(124): Illuminate\\Log\\LogManager->get()
#2 /var/www/getrector-com/vendor/laravel/framework/src/Illuminate/Log/LogManager.php(665): Illuminate\\Log\\LogManager->driver()
#3 /var/www/getrector-com/vendor/laravel/framework/src/Illuminate/Foundation/Exceptions/Handler.php(359): Illuminate\\Log\\LogManager->error()
#4 /var/www/getrector-com/vendor/laravel/framework/src/Illuminate/Foundation/Exceptions/Handler.php(320): Illuminate\\Foundation\\Exceptions\\Handler->reportThrowable()
#5 /var/www/getrector-com/vendor/laravel/framework/src/Illuminate/Foundation/Console/Kernel.php(617): Illuminate\\Foundation\\Exceptions\\Handler->report()
#6 /var/www/getrector-com/vendor/laravel/framework/src/Illuminate/Foundation/Console/Kernel.php(198): Illuminate\\Foundation\\Console\\Kernel->reportException()
#7 /var/www/getrector-com/artisan(12): Illuminate\\Foundation\\Console\\Kernel->handle()
#8 {main}
"} 
[2024-01-11 01:31:40] laravel.ERROR: The "" directory does not exist. {"exception":"[object] (Symfony\\Component\\Finder\\Exception\\DirectoryNotFoundException(code: 0): The \"\" directory does not exist. at /var/www/getrector-com/vendor/symfony/finder/Finder.php:646)
[stacktrace]
#0 /var/www/getrector-com/vendor/laravel/framework/src/Illuminate/Foundation/Bootstrap/LoadConfiguration.php(116): Symfony\\Component\\Finder\\Finder->in()
#1 /var/www/getrector-com/vendor/laravel/framework/src/Illuminate/Foundation/Bootstrap/LoadConfiguration.php(63): Illuminate\\Foundation\\Bootstrap\\LoadConfiguration->getConfigurationFiles()
#2 /var/www/getrector-com/vendor/laravel/framework/src/Illuminate/Foundation/Bootstrap/LoadConfiguration.php(39): Illuminate\\Foundation\\Bootstrap\\LoadConfiguration->loadConfigurationFiles()
#3 /var/www/getrector-com/vendor/laravel/framework/src/Illuminate/Foundation/Application.php(306): Illuminate\\Foundation\\Bootstrap\\LoadConfiguration->bootstrap()
#4 /var/www/getrector-com/vendor/laravel/framework/src/Illuminate/Foundation/Console/Kernel.php(470): Illuminate\\Foundation\\Application->bootstrapWith()
#5 /var/www/getrector-com/vendor/laravel/framework/src/Illuminate/Foundation/Console/Kernel.php(194): Illuminate\\Foundation\\Console\\Kernel->bootstrap()
#6 /var/www/getrector-com/artisan(12): Illuminate\\Foundation\\Console\\Kernel->handle()
#7 {main}
"} 
[2024-01-11 01:31:53] laravel.EMERGENCY: Unable to create configured logger. Using emergency logger. {"exception":"[object] (InvalidArgumentException(code: 0): Log [] is not defined. at /var/www/getrector-com/vendor/laravel/framework/src/Illuminate/Log/LogManager.php:212)
[stacktrace]
#0 /var/www/getrector-com/vendor/laravel/framework/src/Illuminate/Log/LogManager.php(137): Illuminate\\Log\\LogManager->resolve()
#1 /var/www/getrector-com/vendor/laravel/framework/src/Illuminate/Log/LogManager.php(124): Illuminate\\Log\\LogManager->get()
#2 /var/www/getrector-com/vendor/laravel/framework/src/Illuminate/Log/LogManager.php(665): Illuminate\\Log\\LogManager->driver()
#3 /var/www/getrector-com/vendor/laravel/framework/src/Illuminate/Foundation/Exceptions/Handler.php(359): Illuminate\\Log\\LogManager->error()
#4 /var/www/getrector-com/vendor/laravel/framework/src/Illuminate/Foundation/Exceptions/Handler.php(320): Illuminate\\Foundation\\Exceptions\\Handler->reportThrowable()
#5 /var/www/getrector-com/vendor/laravel/framework/src/Illuminate/Foundation/Console/Kernel.php(617): Illuminate\\Foundation\\Exceptions\\Handler->report()
#6 /var/www/getrector-com/vendor/laravel/framework/src/Illuminate/Foundation/Console/Kernel.php(198): Illuminate\\Foundation\\Console\\Kernel->reportException()
#7 /var/www/getrector-com/artisan(12): Illuminate\\Foundation\\Console\\Kernel->handle()
#8 {main}
"} 
[2024-01-11 01:31:53] laravel.ERROR: The "" directory does not exist. {"exception":"[object] (Symfony\\Component\\Finder\\Exception\\DirectoryNotFoundException(code: 0): The \"\" directory does not exist. at /var/www/getrector-com/vendor/symfony/finder/Finder.php:646)
[stacktrace]
#0 /var/www/getrector-com/vendor/laravel/framework/src/Illuminate/Foundation/Bootstrap/LoadConfiguration.php(116): Symfony\\Component\\Finder\\Finder->in()
#1 /var/www/getrector-com/vendor/laravel/framework/src/Illuminate/Foundation/Bootstrap/LoadConfiguration.php(63): Illuminate\\Foundation\\Bootstrap\\LoadConfiguration->getConfigurationFiles()
#2 /var/www/getrector-com/vendor/laravel/framework/src/Illuminate/Foundation/Bootstrap/LoadConfiguration.php(39): Illuminate\\Foundation\\Bootstrap\\LoadConfiguration->loadConfigurationFiles()
#3 /var/www/getrector-com/vendor/laravel/framework/src/Illuminate/Foundation/Application.php(306): Illuminate\\Foundation\\Bootstrap\\LoadConfiguration->bootstrap()
#4 /var/www/getrector-com/vendor/laravel/framework/src/Illuminate/Foundation/Console/Kernel.php(470): Illuminate\\Foundation\\Application->bootstrapWith()
#5 /var/www/getrector-com/vendor/laravel/framework/src/Illuminate/Foundation/Console/Kernel.php(194): Illuminate\\Foundation\\Console\\Kernel->bootstrap()
#6 /var/www/getrector-com/artisan(12): Illuminate\\Foundation\\Console\\Kernel->handle()
#7 {main}
"} 
[2024-01-11 01:31:59] laravel.EMERGENCY: Unable to create configured logger. Using emergency logger. {"exception":"[object] (InvalidArgumentException(code: 0): Log [] is not defined. at /var/www/getrector-com/vendor/laravel/framework/src/Illuminate/Log/LogManager.php:212)
[stacktrace]
#0 /var/www/getrector-com/vendor/laravel/framework/src/Illuminate/Log/LogManager.php(137): Illuminate\\Log\\LogManager->resolve()
#1 /var/www/getrector-com/vendor/laravel/framework/src/Illuminate/Log/LogManager.php(124): Illuminate\\Log\\LogManager->get()
#2 /var/www/getrector-com/vendor/laravel/framework/src/Illuminate/Log/LogManager.php(665): Illuminate\\Log\\LogManager->driver()
#3 /var/www/getrector-com/vendor/laravel/framework/src/Illuminate/Foundation/Exceptions/Handler.php(359): Illuminate\\Log\\LogManager->error()
#4 /var/www/getrector-com/vendor/laravel/framework/src/Illuminate/Foundation/Exceptions/Handler.php(320): Illuminate\\Foundation\\Exceptions\\Handler->reportThrowable()
#5 /var/www/getrector-com/vendor/laravel/framework/src/Illuminate/Foundation/Console/Kernel.php(617): Illuminate\\Foundation\\Exceptions\\Handler->report()
#6 /var/www/getrector-com/vendor/laravel/framework/src/Illuminate/Foundation/Console/Kernel.php(198): Illuminate\\Foundation\\Console\\Kernel->reportException()
#7 /var/www/getrector-com/artisan(12): Illuminate\\Foundation\\Console\\Kernel->handle()
#8 {main}
"} 
[2024-01-11 01:31:59] laravel.ERROR: The "" directory does not exist. {"exception":"[object] (Symfony\\Component\\Finder\\Exception\\DirectoryNotFoundException(code: 0): The \"\" directory does not exist. at /var/www/getrector-com/vendor/symfony/finder/Finder.php:646)
[stacktrace]
#0 /var/www/getrector-com/vendor/laravel/framework/src/Illuminate/Foundation/Bootstrap/LoadConfiguration.php(116): Symfony\\Component\\Finder\\Finder->in()
#1 /var/www/getrector-com/vendor/laravel/framework/src/Illuminate/Foundation/Bootstrap/LoadConfiguration.php(63): Illuminate\\Foundation\\Bootstrap\\LoadConfiguration->getConfigurationFiles()
#2 /var/www/getrector-com/vendor/laravel/framework/src/Illuminate/Foundation/Bootstrap/LoadConfiguration.php(39): Illuminate\\Foundation\\Bootstrap\\LoadConfiguration->loadConfigurationFiles()
#3 /var/www/getrector-com/vendor/laravel/framework/src/Illuminate/Foundation/Application.php(306): Illuminate\\Foundation\\Bootstrap\\LoadConfiguration->bootstrap()
#4 /var/www/getrector-com/vendor/laravel/framework/src/Illuminate/Foundation/Console/Kernel.php(470): Illuminate\\Foundation\\Application->bootstrapWith()
#5 /var/www/getrector-com/vendor/laravel/framework/src/Illuminate/Foundation/Console/Kernel.php(194): Illuminate\\Foundation\\Console\\Kernel->bootstrap()
#6 /var/www/getrector-com/artisan(12): Illuminate\\Foundation\\Console\\Kernel->handle()
#7 {main}
"} 
[2024-01-11 01:32:29] laravel.EMERGENCY: Unable to create configured logger. Using emergency logger. {"exception":"[object] (InvalidArgumentException(code: 0): Log [] is not defined. at /var/www/getrector-com/vendor/laravel/framework/src/Illuminate/Log/LogManager.php:212)
[stacktrace]
#0 /var/www/getrector-com/vendor/laravel/framework/src/Illuminate/Log/LogManager.php(137): Illuminate\\Log\\LogManager->resolve()
#1 /var/www/getrector-com/vendor/laravel/framework/src/Illuminate/Log/LogManager.php(124): Illuminate\\Log\\LogManager->get()
#2 /var/www/getrector-com/vendor/laravel/framework/src/Illuminate/Log/LogManager.php(665): Illuminate\\Log\\LogManager->driver()
#3 /var/www/getrector-com/vendor/laravel/framework/src/Illuminate/Foundation/Exceptions/Handler.php(359): Illuminate\\Log\\LogManager->error()
#4 /var/www/getrector-com/vendor/laravel/framework/src/Illuminate/Foundation/Exceptions/Handler.php(320): Illuminate\\Foundation\\Exceptions\\Handler->reportThrowable()
#5 /var/www/getrector-com/vendor/laravel/framework/src/Illuminate/Foundation/Console/Kernel.php(617): Illuminate\\Foundation\\Exceptions\\Handler->report()
#6 /var/www/getrector-com/vendor/laravel/framework/src/Illuminate/Foundation/Console/Kernel.php(198): Illuminate\\Foundation\\Console\\Kernel->reportException()
#7 /var/www/getrector-com/artisan(12): Illuminate\\Foundation\\Console\\Kernel->handle()
#8 {main}
"} 
[2024-01-11 01:32:29] laravel.ERROR: The "" directory does not exist. {"exception":"[object] (Symfony\\Component\\Finder\\Exception\\DirectoryNotFoundException(code: 0): The \"\" directory does not exist. at /var/www/getrector-com/vendor/symfony/finder/Finder.php:646)
[stacktrace]
#0 /var/www/getrector-com/vendor/laravel/framework/src/Illuminate/Foundation/Bootstrap/LoadConfiguration.php(116): Symfony\\Component\\Finder\\Finder->in()
#1 /var/www/getrector-com/vendor/laravel/framework/src/Illuminate/Foundation/Bootstrap/LoadConfiguration.php(63): Illuminate\\Foundation\\Bootstrap\\LoadConfiguration->getConfigurationFiles()
#2 /var/www/getrector-com/vendor/laravel/framework/src/Illuminate/Foundation/Bootstrap/LoadConfiguration.php(39): Illuminate\\Foundation\\Bootstrap\\LoadConfiguration->loadConfigurationFiles()
#3 /var/www/getrector-com/vendor/laravel/framework/src/Illuminate/Foundation/Application.php(306): Illuminate\\Foundation\\Bootstrap\\LoadConfiguration->bootstrap()
#4 /var/www/getrector-com/vendor/laravel/framework/src/Illuminate/Foundation/Console/Kernel.php(470): Illuminate\\Foundation\\Application->bootstrapWith()
#5 /var/www/getrector-com/vendor/laravel/framework/src/Illuminate/Foundation/Console/Kernel.php(194): Illuminate\\Foundation\\Console\\Kernel->bootstrap()
#6 /var/www/getrector-com/artisan(12): Illuminate\\Foundation\\Console\\Kernel->handle()
#7 {main}
"} 
